<?xml version="1.0" encoding="UTF-8"?>
<!-- Generated by org.testng.reporters.JUnitReportReporter -->
<testsuite hostname="srvweblpubt20-Inspiron-3493" failures="0" tests="2" name="Test.Form_Fill" time="1.793" errors="1" timestamp="2022-07-18T10:13:49 IST" skipped="1">
  <testcase classname="Test.Form_Fill" name="startUp" time="1.793">
    <error message="java.util.zip.ZipException: zip END header not found" type="io.github.bonigarcia.wdm.config.WebDriverManagerException">
      <![CDATA[io.github.bonigarcia.wdm.config.WebDriverManagerException: java.util.zip.ZipException: zip END header not found
at io.github.bonigarcia.wdm.WebDriverManager.handleException(WebDriverManager.java:1306)
at io.github.bonigarcia.wdm.WebDriverManager.manage(WebDriverManager.java:1089)
at io.github.bonigarcia.wdm.WebDriverManager.fallback(WebDriverManager.java:1322)
at io.github.bonigarcia.wdm.WebDriverManager.handleException(WebDriverManager.java:1303)
at io.github.bonigarcia.wdm.WebDriverManager.manage(WebDriverManager.java:1089)
at io.github.bonigarcia.wdm.WebDriverManager.handleException(WebDriverManager.java:1296)
at io.github.bonigarcia.wdm.WebDriverManager.manage(WebDriverManager.java:1089)
at io.github.bonigarcia.wdm.WebDriverManager.setup(WebDriverManager.java:396)
at Test.Form_Fill.startUp(Form_Fill.java:30)
at java.base/jdk.internal.reflect.NativeMethodAccessorImpl.invoke0(Native Method)
at java.base/jdk.internal.reflect.NativeMethodAccessorImpl.invoke(NativeMethodAccessorImpl.java:62)
at java.base/jdk.internal.reflect.DelegatingMethodAccessorImpl.invoke(DelegatingMethodAccessorImpl.java:43)
at java.base/java.lang.reflect.Method.invoke(Method.java:566)
at org.testng.internal.invokers.MethodInvocationHelper.invokeMethod(MethodInvocationHelper.java:135)
at org.testng.internal.invokers.MethodInvocationHelper.invokeMethodConsideringTimeout(MethodInvocationHelper.java:65)
at org.testng.internal.invokers.ConfigInvoker.invokeConfigurationMethod(ConfigInvoker.java:381)
at org.testng.internal.invokers.ConfigInvoker.invokeConfigurations(ConfigInvoker.java:319)
at org.testng.TestRunner.invokeTestConfigurations(TestRunner.java:645)
at org.testng.TestRunner.beforeRun(TestRunner.java:634)
at org.testng.TestRunner.run(TestRunner.java:596)
at org.testng.SuiteRunner.runTest(SuiteRunner.java:429)
at org.testng.SuiteRunner.runSequentially(SuiteRunner.java:423)
at org.testng.SuiteRunner.privateRun(SuiteRunner.java:383)
at org.testng.SuiteRunner.run(SuiteRunner.java:326)
at org.testng.SuiteRunnerWorker.runSuite(SuiteRunnerWorker.java:52)
at org.testng.SuiteRunnerWorker.run(SuiteRunnerWorker.java:95)
at org.testng.TestNG.runSuitesSequentially(TestNG.java:1249)
at org.testng.TestNG.runSuitesLocally(TestNG.java:1169)
at org.testng.TestNG.runSuites(TestNG.java:1092)
at org.testng.TestNG.run(TestNG.java:1060)
at org.testng.remote.AbstractRemoteTestNG.run(AbstractRemoteTestNG.java:115)
at org.testng.remote.RemoteTestNG.initAndRun(RemoteTestNG.java:251)
at org.testng.remote.RemoteTestNG.main(RemoteTestNG.java:77)
Caused by: java.util.zip.ZipException: zip END header not found
at java.base/java.util.zip.ZipFile$Source.zerror(ZipFile.java:1607)
at java.base/java.util.zip.ZipFile$Source.findEND(ZipFile.java:1497)
at java.base/java.util.zip.ZipFile$Source.initCEN(ZipFile.java:1504)
at java.base/java.util.zip.ZipFile$Source.<init>(ZipFile.java:1308)
at java.base/java.util.zip.ZipFile$Source.get(ZipFile.java:1271)
at java.base/java.util.zip.ZipFile$CleanableResource.<init>(ZipFile.java:733)
at java.base/java.util.zip.ZipFile$CleanableResource.get(ZipFile.java:850)
at java.base/java.util.zip.ZipFile.<init>(ZipFile.java:248)
at java.base/java.util.zip.ZipFile.<init>(ZipFile.java:177)
at java.base/java.util.zip.ZipFile.<init>(ZipFile.java:191)
at io.github.bonigarcia.wdm.online.Downloader.unZip(Downloader.java:207)
at io.github.bonigarcia.wdm.online.Downloader.extract(Downloader.java:195)
at io.github.bonigarcia.wdm.online.Downloader.downloadAndExtract(Downloader.java:138)
at io.github.bonigarcia.wdm.online.Downloader.download(Downloader.java:90)
at io.github.bonigarcia.wdm.WebDriverManager.download(WebDriverManager.java:1168)
at io.github.bonigarcia.wdm.WebDriverManager.manage(WebDriverManager.java:1083)
... 31 more
]]>
    </error>
  </testcase> <!-- startUp -->
  <system-out/>
  <testcase classname="Test.Form_Fill" name="registerUser3" time="0.000">
    <skipped/>
  </testcase> <!-- registerUser3 -->
  <system-out/>
</testsuite> <!-- Test.Form_Fill -->
